<html>
<head>
<title>TestNG:  Default test</title>
<link href="../testng.css" rel="stylesheet" type="text/css" />
<link href="../my-testng.css" rel="stylesheet" type="text/css" />

<style type="text/css">
.log { display: none;} 
.stack-trace { display: none;} 
</style>
<script type="text/javascript">
<!--
function flip(e) {
  current = e.style.display;
  if (current == 'block') {
    e.style.display = 'none';
    return 0;
  }
  else {
    e.style.display = 'block';
    return 1;
  }
}

function toggleBox(szDivId, elem, msg1, msg2)
{
  var res = -1;  if (document.getElementById) {
    res = flip(document.getElementById(szDivId));
  }
  else if (document.all) {
    // this is the way old msie versions work
    res = flip(document.all[szDivId]);
  }
  if(elem) {
    if(res == 0) elem.innerHTML = msg1; else elem.innerHTML = msg2;
  }

}

function toggleAllBoxes() {
  if (document.getElementsByTagName) {
    d = document.getElementsByTagName('div');
    for (i = 0; i < d.length; i++) {
      if (d[i].className == 'log') {
        flip(d[i]);
      }
    }
  }
}

// -->
</script>

</head>
<body>
<h2 align='center'>Default test</h2><table border='1' align="center">
<tr>
<td>Tests passed/Failed/Skipped:</td><td>2/1/0</td>
</tr><tr>
<td>Started on:</td><td>Fri Jun 30 12:53:32 IST 2023</td>
</tr>
<tr><td>Total time:</td><td>106 seconds (106007 ms)</td>
</tr><tr>
<td>Included groups:</td><td></td>
</tr><tr>
<td>Excluded groups:</td><td></td>
</tr>
</table><p/>
<small><i>(Hover the method name to see the test class name)</i></small><p/>
<table width='100%' border='1' class='invocation-failed'>
<tr><td colspan='4' align='center'><b>FAILED TESTS</b></td></tr>
<tr><td><b>Test method</b></td>
<td><b>Attribute(s)</b></td>
<td width="30%"><b>Exception</b></td>
<td width="10%"><b>Time (seconds)</b></td>
<td><b>Instance</b></td>
</tr>
<tr>
<td title='testRunner.Run1.runScenario()'><b>runScenario</b><br>Test class: testRunner.Run1<br>Test method: Runs Cucumber Scenarios<br>Parameters: "Validate Payment method on review and payment page", "Validate Payment method"</td>
<td><div><pre>java.lang.AssertionError: expected [weVend Gateway] but found [other gateway]
	at org.testng.Assert.fail(Assert.java:110)
	at org.testng.Assert.failNotEquals(Assert.java:1413)
	at org.testng.Assert.assertEqualsImpl(Assert.java:149)
	at org.testng.Assert.assertEquals(Assert.java:131)
	at org.testng.Assert.assertEquals(Assert.java:655)
	at org.testng.Assert.assertEquals(Assert.java:665)
	at StepDefs.PaymentMethodStepDef.payment_method_should_be_present_on_the_page_as(PaymentMethodStepDef.java:128)
	at ✽.Payment method should be present on the page as &quot;weVend Gateway&quot;(file:///D:/Test1/BDDcucumberProject2/src/test/resources/Features/PaymentMethod.feature:7)
</pre></div><a href='#' onClick='toggleBox("stack-trace1129796171", this, "Click to show all stack frames", "Click to hide stack frames")'>Click to show all stack frames</a>
<div class='stack-trace' id='stack-trace1129796171'><pre>java.lang.AssertionError: expected [weVend Gateway] but found [other gateway]
	at org.testng.Assert.fail(Assert.java:110)
	at org.testng.Assert.failNotEquals(Assert.java:1413)
	at org.testng.Assert.assertEqualsImpl(Assert.java:149)
	at org.testng.Assert.assertEquals(Assert.java:131)
	at org.testng.Assert.assertEquals(Assert.java:655)
	at org.testng.Assert.assertEquals(Assert.java:665)
	at StepDefs.PaymentMethodStepDef.payment_method_should_be_present_on_the_page_as(PaymentMethodStepDef.java:128)
	at ✽.Payment method should be present on the page as &quot;weVend Gateway&quot;(file:///D:/Test1/BDDcucumberProject2/src/test/resources/Features/PaymentMethod.feature:7)
</pre></div></td>
<td>12</td>
<td>testRunner.Run1@5afa3c9</td></tr>
</table><p>
<table width='100%' border='1' class='invocation-passed'>
<tr><td colspan='4' align='center'><b>PASSED TESTS</b></td></tr>
<tr><td><b>Test method</b></td>
<td><b>Attribute(s)</b></td>
<td width="30%"><b>Exception</b></td>
<td width="10%"><b>Time (seconds)</b></td>
<td><b>Instance</b></td>
</tr>
<tr>
<td title='testRunner.Run1.runScenario()'><b>runScenario</b><br>Test class: testRunner.Run1<br>Test method: Runs Cucumber Scenarios<br>Parameters: "Validate AddToCart button", "Validate AddToCart functionality in HomePage"</td>
<td></td>
<td>22</td>
<td>testRunner.Run1@5afa3c9</td></tr>
<tr>
<td title='testRunner.Run1.runScenario()'><b>runScenario</b><br>Test class: testRunner.Run1<br>Test method: Runs Cucumber Scenarios<br>Parameters: "Place an order using BuyNow button", "Place an Order"</td>
<td></td>
<td>67</td>
<td>testRunner.Run1@5afa3c9</td></tr>
</table><p>
</body>
</html>