<?xml version="1.0" encoding="UTF-8"?>
<!-- Generated by org.testng.reporters.JUnitXMLReporter -->
<testsuite ignored="0" hostname="DESKTOP-NAB867H" failures="1" tests="2" name="Test" time="52.213" errors="0" timestamp="2023-05-24T17:42:01 IST">
  <testcase classname="io.cucumber.testng.AbstractTestNGCucumberTests" name="runScenario" time="25.89"/>
  <testcase classname="io.cucumber.testng.AbstractTestNGCucumberTests" name="runScenario" time="20.749">
    <failure type="java.lang.AssertionError" message="expected [2] but found [1]">
      <![CDATA[java.lang.AssertionError: expected [2] but found [1]
at StepDefs.HomePageStepDef.product_should_be_added_to_the_cart(HomePageStepDef.java:80)
at âœ½.Product should be added to the cart(file:///D:/Test1/BDDcucumberProject2/src/test/resources/Features/HomePage.feature:14)
... Removed 6 stack frames]]>
    </failure>
  </testcase> <!-- runScenario -->
</testsuite> <!-- Test -->
